<?xml version="1.0" encoding="UTF-8"?>
<testsuite xmlns:xsi="http://www.w3.org/2001/XMLSchema-instance" xsi:noNamespaceSchemaLocation="https://maven.apache.org/surefire/maven-surefire-plugin/xsd/surefire-test-report.xsd" name="runner.ConversionRunner" time="6.93" tests="18" errors="0" skipped="0" failures="3">
  <properties>
    <property name="sun.desktop" value="windows"/>
    <property name="awt.toolkit" value="sun.awt.windows.WToolkit"/>
    <property name="file.encoding.pkg" value="sun.io"/>
    <property name="java.specification.version" value="1.8"/>
    <property name="sun.cpu.isalist" value="amd64"/>
    <property name="sun.jnu.encoding" value="Cp1252"/>
    <property name="java.class.path" value="E:\ForeignExchange\target\test-classes;E:\ForeignExchange\target\classes;C:\Users\Manish\.m2\repository\com\google\code\gson\gson\2.8.6\gson-2.8.6.jar;C:\Users\Manish\.m2\repository\org\projectlombok\lombok\1.18.12\lombok-1.18.12.jar;C:\Users\Manish\.m2\repository\io\rest-assured\rest-assured\4.3.0\rest-assured-4.3.0.jar;C:\Users\Manish\.m2\repository\org\codehaus\groovy\groovy\3.0.2\groovy-3.0.2.jar;C:\Users\Manish\.m2\repository\org\codehaus\groovy\groovy-xml\3.0.2\groovy-xml-3.0.2.jar;C:\Users\Manish\.m2\repository\org\apache\httpcomponents\httpclient\4.5.3\httpclient-4.5.3.jar;C:\Users\Manish\.m2\repository\org\apache\httpcomponents\httpcore\4.4.6\httpcore-4.4.6.jar;C:\Users\Manish\.m2\repository\commons-logging\commons-logging\1.2\commons-logging-1.2.jar;C:\Users\Manish\.m2\repository\commons-codec\commons-codec\1.9\commons-codec-1.9.jar;C:\Users\Manish\.m2\repository\org\apache\httpcomponents\httpmime\4.5.3\httpmime-4.5.3.jar;C:\Users\Manish\.m2\repository\org\hamcrest\hamcrest\2.1\hamcrest-2.1.jar;C:\Users\Manish\.m2\repository\org\ccil\cowan\tagsoup\tagsoup\1.2.1\tagsoup-1.2.1.jar;C:\Users\Manish\.m2\repository\io\rest-assured\json-path\4.3.0\json-path-4.3.0.jar;C:\Users\Manish\.m2\repository\org\codehaus\groovy\groovy-json\3.0.2\groovy-json-3.0.2.jar;C:\Users\Manish\.m2\repository\io\rest-assured\rest-assured-common\4.3.0\rest-assured-common-4.3.0.jar;C:\Users\Manish\.m2\repository\io\rest-assured\xml-path\4.3.0\xml-path-4.3.0.jar;C:\Users\Manish\.m2\repository\org\apache\commons\commons-lang3\3.4\commons-lang3-3.4.jar;C:\Users\Manish\.m2\repository\jakarta\xml\bind\jakarta.xml.bind-api\2.3.2\jakarta.xml.bind-api-2.3.2.jar;C:\Users\Manish\.m2\repository\jakarta\activation\jakarta.activation-api\1.2.1\jakarta.activation-api-1.2.1.jar;C:\Users\Manish\.m2\repository\com\sun\xml\bind\jaxb-osgi\2.3.0.1\jaxb-osgi-2.3.0.1.jar;C:\Users\Manish\.m2\repository\org\apache\sling\org.apache.sling.javax.activation\0.1.0\org.apache.sling.javax.activation-0.1.0.jar;C:\Users\Manish\.m2\repository\javax\activation\activation\1.1.1\activation-1.1.1.jar;C:\Users\Manish\.m2\repository\io\cucumber\cucumber-java\6.0.0-RC2\cucumber-java-6.0.0-RC2.jar;C:\Users\Manish\.m2\repository\org\apiguardian\apiguardian-api\1.1.0\apiguardian-api-1.1.0.jar;C:\Users\Manish\.m2\repository\io\cucumber\cucumber-junit\6.0.0-RC2\cucumber-junit-6.0.0-RC2.jar;C:\Users\Manish\.m2\repository\junit\junit\4.13\junit-4.13.jar;C:\Users\Manish\.m2\repository\org\hamcrest\hamcrest-core\1.3\hamcrest-core-1.3.jar;C:\Users\Manish\.m2\repository\io\cucumber\cucumber-core\6.0.0-RC2\cucumber-core-6.0.0-RC2.jar;C:\Users\Manish\.m2\repository\io\cucumber\cucumber-gherkin\6.0.0-RC2\cucumber-gherkin-6.0.0-RC2.jar;C:\Users\Manish\.m2\repository\io\cucumber\cucumber-gherkin-messages\6.0.0-RC2\cucumber-gherkin-messages-6.0.0-RC2.jar;C:\Users\Manish\.m2\repository\io\cucumber\messages\12.1.1\messages-12.1.1.jar;C:\Users\Manish\.m2\repository\io\cucumber\tag-expressions\2.0.4\tag-expressions-2.0.4.jar;C:\Users\Manish\.m2\repository\io\cucumber\cucumber-expressions\10.1.0\cucumber-expressions-10.1.0.jar;C:\Users\Manish\.m2\repository\io\cucumber\datatable\3.3.1\datatable-3.3.1.jar;C:\Users\Manish\.m2\repository\io\cucumber\cucumber-plugin\6.0.0-RC2\cucumber-plugin-6.0.0-RC2.jar;C:\Users\Manish\.m2\repository\io\cucumber\docstring\6.0.0-RC2\docstring-6.0.0-RC2.jar;C:\Users\Manish\.m2\repository\io\cucumber\html-formatter\6.0.2\html-formatter-6.0.2.jar;"/>
    <property name="java.vm.vendor" value="Oracle Corporation"/>
    <property name="sun.arch.data.model" value="64"/>
    <property name="user.variant" value=""/>
    <property name="java.vendor.url" value="http://java.oracle.com/"/>
    <property name="user.timezone" value=""/>
    <property name="java.vm.specification.version" value="1.8"/>
    <property name="os.name" value="Windows 8"/>
    <property name="user.country" value="US"/>
    <property name="sun.java.launcher" value="SUN_STANDARD"/>
    <property name="sun.boot.library.path" value="C:\Program Files\Java\jdk1.8.0_251\jre\bin"/>
    <property name="sun.java.command" value="C:\Users\Manish\AppData\Local\Temp\surefire6123245818823139640\surefirebooter2906926192499083548.jar C:\Users\Manish\AppData\Local\Temp\surefire6123245818823139640 2020-06-01T02-09-18_038-jvmRun1 surefire1735617343472937628tmp surefire_05362344570819927935tmp"/>
    <property name="surefire.test.class.path" value="E:\ForeignExchange\target\test-classes;E:\ForeignExchange\target\classes;C:\Users\Manish\.m2\repository\com\google\code\gson\gson\2.8.6\gson-2.8.6.jar;C:\Users\Manish\.m2\repository\org\projectlombok\lombok\1.18.12\lombok-1.18.12.jar;C:\Users\Manish\.m2\repository\io\rest-assured\rest-assured\4.3.0\rest-assured-4.3.0.jar;C:\Users\Manish\.m2\repository\org\codehaus\groovy\groovy\3.0.2\groovy-3.0.2.jar;C:\Users\Manish\.m2\repository\org\codehaus\groovy\groovy-xml\3.0.2\groovy-xml-3.0.2.jar;C:\Users\Manish\.m2\repository\org\apache\httpcomponents\httpclient\4.5.3\httpclient-4.5.3.jar;C:\Users\Manish\.m2\repository\org\apache\httpcomponents\httpcore\4.4.6\httpcore-4.4.6.jar;C:\Users\Manish\.m2\repository\commons-logging\commons-logging\1.2\commons-logging-1.2.jar;C:\Users\Manish\.m2\repository\commons-codec\commons-codec\1.9\commons-codec-1.9.jar;C:\Users\Manish\.m2\repository\org\apache\httpcomponents\httpmime\4.5.3\httpmime-4.5.3.jar;C:\Users\Manish\.m2\repository\org\hamcrest\hamcrest\2.1\hamcrest-2.1.jar;C:\Users\Manish\.m2\repository\org\ccil\cowan\tagsoup\tagsoup\1.2.1\tagsoup-1.2.1.jar;C:\Users\Manish\.m2\repository\io\rest-assured\json-path\4.3.0\json-path-4.3.0.jar;C:\Users\Manish\.m2\repository\org\codehaus\groovy\groovy-json\3.0.2\groovy-json-3.0.2.jar;C:\Users\Manish\.m2\repository\io\rest-assured\rest-assured-common\4.3.0\rest-assured-common-4.3.0.jar;C:\Users\Manish\.m2\repository\io\rest-assured\xml-path\4.3.0\xml-path-4.3.0.jar;C:\Users\Manish\.m2\repository\org\apache\commons\commons-lang3\3.4\commons-lang3-3.4.jar;C:\Users\Manish\.m2\repository\jakarta\xml\bind\jakarta.xml.bind-api\2.3.2\jakarta.xml.bind-api-2.3.2.jar;C:\Users\Manish\.m2\repository\jakarta\activation\jakarta.activation-api\1.2.1\jakarta.activation-api-1.2.1.jar;C:\Users\Manish\.m2\repository\com\sun\xml\bind\jaxb-osgi\2.3.0.1\jaxb-osgi-2.3.0.1.jar;C:\Users\Manish\.m2\repository\org\apache\sling\org.apache.sling.javax.activation\0.1.0\org.apache.sling.javax.activation-0.1.0.jar;C:\Users\Manish\.m2\repository\javax\activation\activation\1.1.1\activation-1.1.1.jar;C:\Users\Manish\.m2\repository\io\cucumber\cucumber-java\6.0.0-RC2\cucumber-java-6.0.0-RC2.jar;C:\Users\Manish\.m2\repository\org\apiguardian\apiguardian-api\1.1.0\apiguardian-api-1.1.0.jar;C:\Users\Manish\.m2\repository\io\cucumber\cucumber-junit\6.0.0-RC2\cucumber-junit-6.0.0-RC2.jar;C:\Users\Manish\.m2\repository\junit\junit\4.13\junit-4.13.jar;C:\Users\Manish\.m2\repository\org\hamcrest\hamcrest-core\1.3\hamcrest-core-1.3.jar;C:\Users\Manish\.m2\repository\io\cucumber\cucumber-core\6.0.0-RC2\cucumber-core-6.0.0-RC2.jar;C:\Users\Manish\.m2\repository\io\cucumber\cucumber-gherkin\6.0.0-RC2\cucumber-gherkin-6.0.0-RC2.jar;C:\Users\Manish\.m2\repository\io\cucumber\cucumber-gherkin-messages\6.0.0-RC2\cucumber-gherkin-messages-6.0.0-RC2.jar;C:\Users\Manish\.m2\repository\io\cucumber\messages\12.1.1\messages-12.1.1.jar;C:\Users\Manish\.m2\repository\io\cucumber\tag-expressions\2.0.4\tag-expressions-2.0.4.jar;C:\Users\Manish\.m2\repository\io\cucumber\cucumber-expressions\10.1.0\cucumber-expressions-10.1.0.jar;C:\Users\Manish\.m2\repository\io\cucumber\datatable\3.3.1\datatable-3.3.1.jar;C:\Users\Manish\.m2\repository\io\cucumber\cucumber-plugin\6.0.0-RC2\cucumber-plugin-6.0.0-RC2.jar;C:\Users\Manish\.m2\repository\io\cucumber\docstring\6.0.0-RC2\docstring-6.0.0-RC2.jar;C:\Users\Manish\.m2\repository\io\cucumber\html-formatter\6.0.2\html-formatter-6.0.2.jar;"/>
    <property name="sun.cpu.endian" value="little"/>
    <property name="user.home" value="C:\Users\Manish"/>
    <property name="user.language" value="en"/>
    <property name="java.specification.vendor" value="Oracle Corporation"/>
    <property name="java.home" value="C:\Program Files\Java\jdk1.8.0_251\jre"/>
    <property name="basedir" value="E:\ForeignExchange"/>
    <property name="file.separator" value="\"/>
    <property name="line.separator" value="&#10;"/>
    <property name="java.vm.specification.vendor" value="Oracle Corporation"/>
    <property name="java.specification.name" value="Java Platform API Specification"/>
    <property name="java.awt.graphicsenv" value="sun.awt.Win32GraphicsEnvironment"/>
    <property name="surefire.real.class.path" value="C:\Users\Manish\AppData\Local\Temp\surefire6123245818823139640\surefirebooter2906926192499083548.jar"/>
    <property name="sun.boot.class.path" value="C:\Program Files\Java\jdk1.8.0_251\jre\lib\resources.jar;C:\Program Files\Java\jdk1.8.0_251\jre\lib\rt.jar;C:\Program Files\Java\jdk1.8.0_251\jre\lib\sunrsasign.jar;C:\Program Files\Java\jdk1.8.0_251\jre\lib\jsse.jar;C:\Program Files\Java\jdk1.8.0_251\jre\lib\jce.jar;C:\Program Files\Java\jdk1.8.0_251\jre\lib\charsets.jar;C:\Program Files\Java\jdk1.8.0_251\jre\lib\jfr.jar;C:\Program Files\Java\jdk1.8.0_251\jre\classes"/>
    <property name="user.script" value=""/>
    <property name="sun.management.compiler" value="HotSpot 64-Bit Tiered Compilers"/>
    <property name="java.runtime.version" value="1.8.0_251-b08"/>
    <property name="user.name" value="Manish"/>
    <property name="path.separator" value=";"/>
    <property name="os.version" value="6.2"/>
    <property name="java.endorsed.dirs" value="C:\Program Files\Java\jdk1.8.0_251\jre\lib\endorsed"/>
    <property name="java.runtime.name" value="Java(TM) SE Runtime Environment"/>
    <property name="file.encoding" value="Cp1252"/>
    <property name="java.vm.name" value="Java HotSpot(TM) 64-Bit Server VM"/>
    <property name="localRepository" value="C:\Users\Manish\.m2\repository"/>
    <property name="java.vendor.url.bug" value="http://bugreport.sun.com/bugreport/"/>
    <property name="java.io.tmpdir" value="C:\Users\Manish\AppData\Local\Temp\"/>
    <property name="java.version" value="1.8.0_251"/>
    <property name="user.dir" value="E:\ForeignExchange"/>
    <property name="os.arch" value="amd64"/>
    <property name="java.vm.specification.name" value="Java Virtual Machine Specification"/>
    <property name="java.awt.printerjob" value="sun.awt.windows.WPrinterJob"/>
    <property name="sun.os.patch.level" value=""/>
    <property name="java.library.path" value="C:\Program Files\Java\jdk1.8.0_251\jre\bin;C:\Windows\Sun\Java\bin;C:\Windows\system32;C:\Windows;C:\Program Files (x86)\Common Files\Oracle\Java\javapath;C:\Program Files (x86)\PC Connectivity Solution\;C:\Windows\system32;C:\Windows;C:\Windows\System32\Wbem;C:\Windows\System32\WindowsPowerShell\v1.0\;E:\Keerti\apache-maven-3.6.3\bin;C:\Program Files\Java\jdk1.8.0_251\bin;C:\Program Files\Java\jre1.8.0_251\bin;;."/>
    <property name="java.vm.info" value="mixed mode"/>
    <property name="java.vendor" value="Oracle Corporation"/>
    <property name="java.vm.version" value="25.251-b08"/>
    <property name="java.ext.dirs" value="C:\Program Files\Java\jdk1.8.0_251\jre\lib\ext;C:\Windows\Sun\Java\lib\ext"/>
    <property name="sun.io.unicode.encoding" value="UnicodeLittle"/>
    <property name="java.class.version" value="52.0"/>
  </properties>
  <testcase name="User is able to view conversion rates for historic date" classname="Acceptance tests for the Historic Foreign Exchange Rates" time="3.074"/>
  <testcase name="User is able to view conversion rates for specific date" classname="Acceptance tests for the Historic Foreign Exchange Rates" time="0.163"/>
  <testcase name="User is redirected to current day rates when tried to view future date rates" classname="Acceptance tests for the Historic Foreign Exchange Rates" time="0.147">
    <failure message="expected:&lt;2020-0[6-01]&gt; but was:&lt;2020-0[5-29]&gt;" type="org.junit.ComparisonFailure"><![CDATA[org.junit.ComparisonFailure: expected:<2020-0[6-01]> but was:<2020-0[5-29]>
]]></failure>
  </testcase>
  <testcase name="User is able to view current day rates" classname="Acceptance tests for the Latest Foreign Exchange Rates" time="0.103"/>
  <testcase name="User is able to view latest day rates" classname="Acceptance tests for the Latest Foreign Exchange Rates" time="0.062"/>
  <testcase name="User sees proper error message when entered invalid API" classname="Acceptance tests for the Latest Foreign Exchange Rates" time="0.335"/>
  <testcase name="Verify proper error is displayed when user tries to get the rates for year less than 1999" classname="Regression tests for the Historic Foreign Exchange Rates" time="0.34"/>
  <testcase name="Verify user is able to get specific exchange rate by setting symbols parameter" classname="Regression tests for the Historic Foreign Exchange Rates" time="0.116">
    <failure message="expected:&lt;2019-01-1[1]&gt; but was:&lt;2019-01-1[2]&gt;" type="org.junit.ComparisonFailure"><![CDATA[org.junit.ComparisonFailure: expected:<2019-01-1[1]> but was:<2019-01-1[2]>
]]></failure>
  </testcase>
  <testcase name="Verify user is able to get specific exchange rate by setting multiple symbols parameter" classname="Regression tests for the Historic Foreign Exchange Rates" time="0.098"/>
  <testcase name="Verify user is able to get Specific date Foreign Exchange Rates with Base" classname="Regression tests for the Historic Foreign Exchange Rates" time="0.068"/>
  <testcase name="Verify user is able to get Specific date Foreign Exchange Rates with Symbols and Base" classname="Regression tests for the Historic Foreign Exchange Rates" time="0.065"/>
  <testcase name="Verify that rates are quoted against the EURO by default" classname="Regression tests for the Latest Foreign Exchange Rates" time="0.074"/>
  <testcase name="Verify that rates are displayed as per current date by default" classname="Regression tests for the Latest Foreign Exchange Rates" time="0.073">
    <failure message="expected:&lt;2020-0[5-29]&gt; but was:&lt;2020-0[6-01]&gt;" type="org.junit.ComparisonFailure"><![CDATA[org.junit.ComparisonFailure: expected:<2020-0[5-29]> but was:<2020-0[6-01]>
]]></failure>
  </testcase>
  <testcase name="Verify user is able to get specific exchange rates by setting the symbols parameter in the request." classname="Regression tests for the Latest Foreign Exchange Rates" time="0.063"/>
  <testcase name="Verify user is able to get specific exchange rates by setting the multiple symbols in the request." classname="Regression tests for the Latest Foreign Exchange Rates" time="0.097"/>
  <testcase name="Verify user is able to quote against different currency by setting base parameter in the request" classname="Regression tests for the Latest Foreign Exchange Rates" time="0.113"/>
  <testcase name="Verify proper error is displayed when user tries to get the rates with two base values" classname="Regression tests for the Latest Foreign Exchange Rates" time="0.395"/>
  <testcase name="Verify uer is able to get specific exchange rates by setting base and symbols parameter in the request" classname="Regression tests for the Latest Foreign Exchange Rates" time="0.048"/>
</testsuite>